<?xml version="1.0" encoding="utf-8"?><testsuites name="pytest tests"><testsuite name="pytest" errors="0" failures="0" skipped="0" tests="23" time="9.922" timestamp="2026-09-05T10:17:27.653750+00:00" hostname="agent-env-8c90bf22-11b9-4d82-b81b-bd202a2ef27b"><testcase classname="tests.backend_test" name="test_health" time="0.929" /><testcase classname="tests.backend_test" name="test_list_standards" time="0.223" /><testcase classname="tests.backend_test" name="test_standards_filter_department" time="0.183" /><testcase classname="tests.backend_test" name="test_standards_filter_domain" time="0.182" /><testcase classname="tests.backend_test" name="test_standards_search" time="0.190" /><testcase classname="tests.backend_test" name="test_standard_detail" time="0.380" /><testcase classname="tests.backend_test" name="test_standard_detail_404" time="0.165" /><testcase classname="tests.backend_test" name="test_stats_overview" time="0.245" /><testcase classname="tests.backend_test" name="test_meta_filters" time="0.307" /><testcase classname="tests.backend_test" name="test_recommend_cement" time="0.607" /><testcase classname="tests.backend_test" name="test_recommend_filter_textiles" time="0.481" /><testcase classname="tests.backend_test" name="test_search_history" time="0.825" /><testcase classname="tests.backend_test" name="test_standards_lang_hi" time="0.182" /><testcase classname="tests.backend_test" name="test_standards_lang_en_default" time="0.189" /><testcase classname="tests.backend_test" name="test_standard_detail_lang_hi" time="0.442" /><testcase classname="tests.backend_test" name="test_recommend_lang_hi" time="0.696" /><testcase classname="tests.backend_test" name="test_recommend_lang_en" time="0.627" /><testcase classname="tests.backend_test" name="test_standards_lang_ta_bn[ta-_has_tamil-Tamil]" time="0.214" /><testcase classname="tests.backend_test" name="test_standards_lang_ta_bn[bn-_has_bengali-Bengali]" time="0.183" /><testcase classname="tests.backend_test" name="test_standard_detail_lang_ta_bn[ta-_has_tamil-Tamil]" time="0.415" /><testcase classname="tests.backend_test" name="test_standard_detail_lang_ta_bn[bn-_has_bengali-Bengali]" time="0.375" /><testcase classname="tests.backend_test" name="test_recommend_lang_ta_bn[ta-_has_tamil-Tamil]" time="0.613" /><testcase classname="tests.backend_test" name="test_recommend_lang_ta_bn[bn-_has_bengali-Bengali]" time="0.697" /></testsuite></testsuites>